<?xml version="1.0" encoding="UTF-8"?>
<testsuite name="mainTest" tests="1" skipped="0" failures="0" errors="0" timestamp="2022-01-05T12:12:36" hostname="LAPTOP-BU4IBN4" time="0.014">
  <properties/>
  <testcase name="runTest()" classname="mainTest" time="0.014"/>
  <system-out><![CDATA[Enter the score = Not an integer!
]]></system-out>
  <system-err><![CDATA[]]></system-err>
</testsuite>
